c:\users\rob\desktop\current uni work\simworlds water\dxbase\dxbase\game\debug\vc120.pdb
c:\users\rob\desktop\current uni work\simworlds water\dxbase\dxbase\game\debug\vc120.idb
c:\users\rob\desktop\current uni work\simworlds water\dxbase\dxbase\game\debug\vbgo.obj
c:\users\rob\desktop\current uni work\simworlds water\dxbase\dxbase\game\debug\vbcube.obj
c:\users\rob\desktop\current uni work\simworlds water\dxbase\dxbase\game\debug\tutorial01.obj
c:\users\rob\desktop\current uni work\simworlds water\dxbase\dxbase\game\debug\turret_base.obj
c:\users\rob\desktop\current uni work\simworlds water\dxbase\dxbase\game\debug\tpscamera.obj
c:\users\rob\desktop\current uni work\simworlds water\dxbase\dxbase\game\debug\terrain.obj
c:\users\rob\desktop\current uni work\simworlds water\dxbase\dxbase\game\debug\snail.obj
c:\users\rob\desktop\current uni work\simworlds water\dxbase\dxbase\game\debug\light.obj
c:\users\rob\desktop\current uni work\simworlds water\dxbase\dxbase\game\debug\gameobject2d.obj
c:\users\rob\desktop\current uni work\simworlds water\dxbase\dxbase\game\debug\gameobject.obj
c:\users\rob\desktop\current uni work\simworlds water\dxbase\dxbase\game\debug\game.obj
c:\users\rob\desktop\current uni work\simworlds water\dxbase\dxbase\game\debug\filevbgo.obj
c:\users\rob\desktop\current uni work\simworlds water\dxbase\dxbase\game\debug\dynamicvb.obj
c:\users\rob\desktop\current uni work\simworlds water\dxbase\dxbase\game\debug\dynamiccube.obj
c:\users\rob\desktop\current uni work\simworlds water\dxbase\dxbase\game\debug\cmogo.obj
c:\users\rob\desktop\current uni work\simworlds water\dxbase\dxbase\game\debug\camera.obj
c:\users\rob\desktop\current uni work\simworlds water\dxbase\dxbase\debug\game.ilk
c:\users\rob\desktop\current uni work\simworlds water\dxbase\dxbase\debug\game.exe
c:\users\rob\desktop\current uni work\simworlds water\dxbase\dxbase\debug\game.pdb
c:\users\rob\desktop\current uni work\simworlds water\dxbase\dxbase\game\debug\tutorial01.res
c:\users\rob\desktop\current uni work\simworlds water\dxbase\dxbase\game\debug\game.tlog\cl.command.1.tlog
c:\users\rob\desktop\current uni work\simworlds water\dxbase\dxbase\game\debug\game.tlog\cl.read.1.tlog
c:\users\rob\desktop\current uni work\simworlds water\dxbase\dxbase\game\debug\game.tlog\cl.write.1.tlog
c:\users\rob\desktop\current uni work\simworlds water\dxbase\dxbase\game\debug\game.tlog\link.command.1.tlog
c:\users\rob\desktop\current uni work\simworlds water\dxbase\dxbase\game\debug\game.tlog\link.read.1.tlog
c:\users\rob\desktop\current uni work\simworlds water\dxbase\dxbase\game\debug\game.tlog\link.write.1.tlog
c:\users\rob\desktop\current uni work\simworlds water\dxbase\dxbase\game\debug\game.tlog\rc.command.1.tlog
c:\users\rob\desktop\current uni work\simworlds water\dxbase\dxbase\game\debug\game.tlog\rc.read.1.tlog
c:\users\rob\desktop\current uni work\simworlds water\dxbase\dxbase\game\debug\game.tlog\rc.write.1.tlog
