c:\users\rob\desktop\current uni work\simworlds water\dxbase\dxbase\debug\grass.dds
c:\users\rob\desktop\current uni work\simworlds water\dxbase\dxbase\debug\white.dds
c:\users\rob\desktop\current uni work\simworlds water\dxbase\dxbase\debug\logo.dds
c:\users\rob\desktop\current uni work\simworlds water\dxbase\dxbase\debug\treasure_chest.cmo
c:\users\rob\desktop\current uni work\simworlds water\dxbase\dxbase\debug\_program files (x86)_microsoft visual studio 12.0_common7_ide_extensions_microsoft_vsgraphics_assets_effects_phong.dgsl.cso
c:\users\rob\desktop\current uni work\simworlds water\dxbase\dxbase\assets\table.fbm\jalka.png
c:\users\rob\desktop\current uni work\simworlds water\dxbase\dxbase\assets\table.fbm\poytalevy.png
c:\users\rob\desktop\current uni work\simworlds water\dxbase\dxbase\debug\table.cmo
c:\users\rob\desktop\current uni work\simworlds water\dxbase\dxbase\debug\_users_rob_desktop_current uni work_simworlds water_dxbase_dxbase_assets_table.fbm_jalka.png.dds
c:\users\rob\desktop\current uni work\simworlds water\dxbase\dxbase\debug\_users_rob_desktop_current uni work_simworlds water_dxbase_dxbase_assets_table.fbm_poytalevy.png.dds
c:\users\rob\desktop\current uni work\simworlds water\dxbase\dxbase\assets\debug\assets.tlog\imagecontenttask-vsgraphics.2040.read.1.tlog
c:\users\rob\desktop\current uni work\simworlds water\dxbase\dxbase\assets\debug\assets.tlog\imagecontenttask-vsgraphics.2040.write.1.tlog
c:\users\rob\desktop\current uni work\simworlds water\dxbase\dxbase\assets\debug\assets.tlog\imagecontenttask-vsgraphics.5928.read.1.tlog
c:\users\rob\desktop\current uni work\simworlds water\dxbase\dxbase\assets\debug\assets.tlog\imagecontenttask-vsgraphics.5928.write.1.tlog
c:\users\rob\desktop\current uni work\simworlds water\dxbase\dxbase\assets\debug\assets.tlog\imagecontenttask-vsgraphics.6216.read.1.tlog
c:\users\rob\desktop\current uni work\simworlds water\dxbase\dxbase\assets\debug\assets.tlog\imagecontenttask-vsgraphics.6216.write.1.tlog
c:\users\rob\desktop\current uni work\simworlds water\dxbase\dxbase\assets\debug\assets.tlog\imagecontenttask-vsgraphics.8060.read.1.tlog
c:\users\rob\desktop\current uni work\simworlds water\dxbase\dxbase\assets\debug\assets.tlog\imagecontenttask-vsgraphics.8060.write.1.tlog
c:\users\rob\desktop\current uni work\simworlds water\dxbase\dxbase\assets\debug\assets.tlog\imagecontenttask-vsgraphics.8328.read.1.tlog
c:\users\rob\desktop\current uni work\simworlds water\dxbase\dxbase\assets\debug\assets.tlog\imagecontenttask-vsgraphics.8328.write.1.tlog
c:\users\rob\desktop\current uni work\simworlds water\dxbase\dxbase\assets\debug\assets.tlog\imagecontenttask-vsgraphics.8720.read.1.tlog
c:\users\rob\desktop\current uni work\simworlds water\dxbase\dxbase\assets\debug\assets.tlog\imagecontenttask-vsgraphics.8720.write.1.tlog
c:\users\rob\desktop\current uni work\simworlds water\dxbase\dxbase\assets\debug\assets.tlog\imagecontenttask-vsgraphics.read.1.tlog
c:\users\rob\desktop\current uni work\simworlds water\dxbase\dxbase\assets\debug\assets.tlog\imagecontenttask-vsgraphics.write.1.tlog
c:\users\rob\desktop\current uni work\simworlds water\dxbase\dxbase\assets\debug\assets.tlog\meshcontenttask-vsgraphics.3396.read.1.tlog
c:\users\rob\desktop\current uni work\simworlds water\dxbase\dxbase\assets\debug\assets.tlog\meshcontenttask-vsgraphics.3396.write.1.tlog
c:\users\rob\desktop\current uni work\simworlds water\dxbase\dxbase\assets\debug\assets.tlog\meshcontenttask-vsgraphics.6912.read.1.tlog
c:\users\rob\desktop\current uni work\simworlds water\dxbase\dxbase\assets\debug\assets.tlog\meshcontenttask-vsgraphics.6912.write.1.tlog
c:\users\rob\desktop\current uni work\simworlds water\dxbase\dxbase\assets\debug\assets.tlog\meshcontenttask-vsgraphics.read.1.tlog
c:\users\rob\desktop\current uni work\simworlds water\dxbase\dxbase\assets\debug\assets.tlog\meshcontenttask-vsgraphics.write.1.tlog
